<?xml version="1.0" encoding="UTF-8"?>
<!-- Generated by org.testng.reporters.JUnitReportReporter -->
<testsuite hostname="Test-PC" name="tests.test" tests="1" failures="0" timestamp="6 Jul 2015 07:18:36 GMT" time="23.773" errors="0">
  <testcase name="testcase" time="23.773" classname="tests.test"/>
</testsuite> <!-- tests.test -->
