<?xml version="1.0" encoding="UTF-8"?>
<!-- Generated by org.testng.reporters.JUnitReportReporter -->
<testsuite hostname="Test-PC" name="tests.test" tests="1" failures="0" timestamp="11 Jul 2015 07:56:30 GMT" time="13.750" errors="0">
  <testcase name="testcase" time="13.750" classname="tests.test"/>
</testsuite> <!-- tests.test -->
